  [1m[36m (1.2ms)[0m  [1mCREATE TABLE "schema_migrations" ("version" varchar NOT NULL) [0m
  [1m[35m (0.0ms)[0m  select sqlite_version(*)
  [1m[36m (1.0ms)[0m  [1mCREATE UNIQUE INDEX "unique_schema_migrations" ON "schema_migrations" ("version")[0m
  [1m[35mActiveRecord::SchemaMigration Load (0.1ms)[0m  SELECT "schema_migrations".* FROM "schema_migrations"
  [1m[36mActiveRecord::SchemaMigration Load (0.1ms)[0m  [1mSELECT "schema_migrations".* FROM "schema_migrations"[0m
Migrating to CreatePosts (20151230232412)
  [1m[35m (0.1ms)[0m  begin transaction
  [1m[36m (0.4ms)[0m  [1mCREATE TABLE "posts" ("id" INTEGER PRIMARY KEY AUTOINCREMENT NOT NULL, "title" varchar, "description" text, "created_at" datetime NOT NULL, "updated_at" datetime NOT NULL) [0m
  [1m[35mSQL (0.2ms)[0m  INSERT INTO "schema_migrations" ("version") VALUES (?)  [["version", "20151230232412"]]
  [1m[36m (1.3ms)[0m  [1mcommit transaction[0m
  [1m[35mActiveRecord::SchemaMigration Load (0.1ms)[0m  SELECT "schema_migrations".* FROM "schema_migrations"
  [1m[36mActiveRecord::SchemaMigration Load (0.3ms)[0m  [1mSELECT "schema_migrations".* FROM "schema_migrations"[0m
  [1m[35mActiveRecord::SchemaMigration Load (0.1ms)[0m  SELECT "schema_migrations".* FROM "schema_migrations"
  [1m[36mActiveRecord::SchemaMigration Load (0.2ms)[0m  [1mSELECT "schema_migrations".* FROM "schema_migrations"[0m


Started GET "/posts" for 127.0.0.1 at 2018-06-29 14:57:21 +0100
  [1m[36mActiveRecord::SchemaMigration Load (0.1ms)[0m  [1mSELECT "schema_migrations".* FROM "schema_migrations"[0m
Processing by PostsController#index as HTML
  [1m[35mPost Load (0.2ms)[0m  SELECT "posts".* FROM "posts"
  Rendered posts/index.html.erb within layouts/application (2.9ms)
Completed 200 OK in 701ms (Views: 684.0ms | ActiveRecord: 0.4ms)


Started GET "/assets/jquery.self-bd7ddd393353a8d2480a622e80342adf488fb6006d667e8b42e4c0073393abee.js?body=1" for 127.0.0.1 at 2018-06-29 14:57:23 +0100


Started GET "/assets/application.self-e80e8f2318043e8af94dddc2adad5a4f09739a8ebb323b3ab31cd71d45fd9113.css?body=1" for 127.0.0.1 at 2018-06-29 14:57:23 +0100


Started GET "/assets/jquery_ujs.self-784a997f6726036b1993eb2217c9cb558e1cbb801c6da88105588c56f13b466a.js?body=1" for 127.0.0.1 at 2018-06-29 14:57:23 +0100


Started GET "/assets/application.self-3b8dabdc891efe46b9a144b400ad69e37d7e5876bdc39dee783419a69d7ca819.js?body=1" for 127.0.0.1 at 2018-06-29 14:57:23 +0100


Started GET "/assets/turbolinks.self-2db6ec539b9190f75e1d477b305df53d12904d5cafdd47c7ffd91ba25cbec128.js?body=1" for 127.0.0.1 at 2018-06-29 14:57:23 +0100


Started GET "/posts/1" for ::1 at 2018-06-29 14:57:59 +0100
Processing by PostsController#show as HTML
  Parameters: {"id"=>"1"}
  [1m[36mPost Load (4.5ms)[0m  [1mSELECT  "posts".* FROM "posts" WHERE "posts"."id" = ? LIMIT 1[0m  [["id", 1]]
Completed 404 Not Found in 51ms (ActiveRecord: 5.0ms)

ActiveRecord::RecordNotFound (Couldn't find Post with 'id'=1):
  app/controllers/posts_controller.rb:7:in `show'


  Rendered /Users/jigar/.rvm/gems/ruby-2.3.3/gems/actionpack-4.2.10/lib/action_dispatch/middleware/templates/rescues/_source.erb (3.9ms)
  Rendered /Users/jigar/.rvm/gems/ruby-2.3.3/gems/actionpack-4.2.10/lib/action_dispatch/middleware/templates/rescues/_trace.html.erb (2.8ms)
  Rendered /Users/jigar/.rvm/gems/ruby-2.3.3/gems/actionpack-4.2.10/lib/action_dispatch/middleware/templates/rescues/_request_and_response.html.erb (0.9ms)
  Rendered /Users/jigar/.rvm/gems/ruby-2.3.3/gems/actionpack-4.2.10/lib/action_dispatch/middleware/templates/rescues/diagnostics.html.erb within rescues/layout (118.0ms)


Started GET "/posts" for ::1 at 2018-06-29 14:59:16 +0100
Processing by PostsController#index as HTML
  [1m[35mPost Load (0.4ms)[0m  SELECT "posts".* FROM "posts"
  Rendered posts/index.html.erb within layouts/application (2.5ms)
Completed 200 OK in 35ms (Views: 31.1ms | ActiveRecord: 0.5ms)


Started GET "/posts" for ::1 at 2018-06-29 14:59:17 +0100
Processing by PostsController#index as HTML
  [1m[36mPost Load (0.2ms)[0m  [1mSELECT "posts".* FROM "posts"[0m
  Rendered posts/index.html.erb within layouts/application (0.8ms)
Completed 200 OK in 34ms (Views: 32.7ms | ActiveRecord: 0.2ms)
  [1m[36mActiveRecord::SchemaMigration Load (0.1ms)[0m  [1mSELECT "schema_migrations".* FROM "schema_migrations"[0m
  [1m[35m (0.1ms)[0m  begin transaction
  [1m[36mSQL (0.6ms)[0m  [1mINSERT INTO "posts" ("title", "description", "created_at", "updated_at") VALUES (?, ?, ?, ?)[0m  [["title", "TITLE WORLD"], ["description", "DESCI"], ["created_at", "2018-06-29 14:00:31.190175"], ["updated_at", "2018-06-29 14:00:31.190175"]]
  [1m[35m (2.1ms)[0m  commit transaction
  [1m[36m (0.1ms)[0m  [1mbegin transaction[0m
  [1m[35mSQL (0.4ms)[0m  INSERT INTO "posts" ("title", "description", "created_at", "updated_at") VALUES (?, ?, ?, ?)  [["title", " WORLD"], ["description", "DEI"], ["created_at", "2018-06-29 14:00:31.194731"], ["updated_at", "2018-06-29 14:00:31.194731"]]
  [1m[36m (1.0ms)[0m  [1mcommit transaction[0m
  [1m[35m (0.0ms)[0m  begin transaction
  [1m[36mSQL (0.7ms)[0m  [1mINSERT INTO "posts" ("title", "description", "created_at", "updated_at") VALUES (?, ?, ?, ?)[0m  [["title", "TI WRLD"], ["description", "DSCI"], ["created_at", "2018-06-29 14:00:31.197531"], ["updated_at", "2018-06-29 14:00:31.197531"]]
  [1m[35m (1.0ms)[0m  commit transaction


Started GET "/posts" for ::1 at 2018-06-29 15:00:41 +0100
  [1m[36mActiveRecord::SchemaMigration Load (0.1ms)[0m  [1mSELECT "schema_migrations".* FROM "schema_migrations"[0m
Processing by PostsController#index as HTML
  [1m[35mPost Load (0.2ms)[0m  SELECT "posts".* FROM "posts"
  Rendered posts/index.html.erb within layouts/application (16.7ms)
Completed 500 Internal Server Error in 75ms (ActiveRecord: 0.6ms)

ActionView::Template::Error (No route matches {:action=>"show", :controller=>"posts", :id=>nil} missing required keys: [:id]):
    1: <% @posts.each do |post| %>
    2:   <div> <a href='<%= post_path(@post) %>'> <%= post.title %> </a></div>
    3: <% end %>
  app/views/posts/index.html.erb:2:in `block in _app_views_posts_index_html_erb___3356660169808206311_70278449760760'
  app/views/posts/index.html.erb:1:in `_app_views_posts_index_html_erb___3356660169808206311_70278449760760'


  Rendered /Users/jigar/.rvm/gems/ruby-2.3.3/gems/actionpack-4.2.10/lib/action_dispatch/middleware/templates/rescues/_source.erb (21.8ms)
  Rendered /Users/jigar/.rvm/gems/ruby-2.3.3/gems/actionpack-4.2.10/lib/action_dispatch/middleware/templates/rescues/_trace.html.erb (8.0ms)
  Rendered /Users/jigar/.rvm/gems/ruby-2.3.3/gems/actionpack-4.2.10/lib/action_dispatch/middleware/templates/rescues/_request_and_response.html.erb (0.8ms)
  Rendered /Users/jigar/.rvm/gems/ruby-2.3.3/gems/actionpack-4.2.10/lib/action_dispatch/middleware/templates/rescues/template_error.html.erb within rescues/layout (146.2ms)


Started GET "/posts" for ::1 at 2018-06-29 15:00:42 +0100
Processing by PostsController#index as HTML
  [1m[36mPost Load (0.1ms)[0m  [1mSELECT "posts".* FROM "posts"[0m
  Rendered posts/index.html.erb within layouts/application (2.7ms)
Completed 500 Internal Server Error in 12ms (ActiveRecord: 0.1ms)

ActionView::Template::Error (No route matches {:action=>"show", :controller=>"posts", :id=>nil} missing required keys: [:id]):
    1: <% @posts.each do |post| %>
    2:   <div> <a href='<%= post_path(@post) %>'> <%= post.title %> </a></div>
    3: <% end %>
  app/views/posts/index.html.erb:2:in `block in _app_views_posts_index_html_erb___3356660169808206311_70278449760760'
  app/views/posts/index.html.erb:1:in `_app_views_posts_index_html_erb___3356660169808206311_70278449760760'


  Rendered /Users/jigar/.rvm/gems/ruby-2.3.3/gems/actionpack-4.2.10/lib/action_dispatch/middleware/templates/rescues/_source.erb (6.0ms)
  Rendered /Users/jigar/.rvm/gems/ruby-2.3.3/gems/actionpack-4.2.10/lib/action_dispatch/middleware/templates/rescues/_trace.html.erb (10.3ms)
  Rendered /Users/jigar/.rvm/gems/ruby-2.3.3/gems/actionpack-4.2.10/lib/action_dispatch/middleware/templates/rescues/_request_and_response.html.erb (1.9ms)
  Rendered /Users/jigar/.rvm/gems/ruby-2.3.3/gems/actionpack-4.2.10/lib/action_dispatch/middleware/templates/rescues/template_error.html.erb within rescues/layout (125.5ms)


Started GET "/posts" for ::1 at 2018-06-29 15:00:42 +0100
Processing by PostsController#index as HTML
  [1m[35mPost Load (0.2ms)[0m  SELECT "posts".* FROM "posts"
  Rendered posts/index.html.erb within layouts/application (4.2ms)
Completed 500 Internal Server Error in 13ms (ActiveRecord: 0.2ms)

ActionView::Template::Error (No route matches {:action=>"show", :controller=>"posts", :id=>nil} missing required keys: [:id]):
    1: <% @posts.each do |post| %>
    2:   <div> <a href='<%= post_path(@post) %>'> <%= post.title %> </a></div>
    3: <% end %>
  app/views/posts/index.html.erb:2:in `block in _app_views_posts_index_html_erb___3356660169808206311_70278449760760'
  app/views/posts/index.html.erb:1:in `_app_views_posts_index_html_erb___3356660169808206311_70278449760760'


  Rendered /Users/jigar/.rvm/gems/ruby-2.3.3/gems/actionpack-4.2.10/lib/action_dispatch/middleware/templates/rescues/_source.erb (8.4ms)
  Rendered /Users/jigar/.rvm/gems/ruby-2.3.3/gems/actionpack-4.2.10/lib/action_dispatch/middleware/templates/rescues/_trace.html.erb (9.5ms)
  Rendered /Users/jigar/.rvm/gems/ruby-2.3.3/gems/actionpack-4.2.10/lib/action_dispatch/middleware/templates/rescues/_request_and_response.html.erb (1.0ms)
  Rendered /Users/jigar/.rvm/gems/ruby-2.3.3/gems/actionpack-4.2.10/lib/action_dispatch/middleware/templates/rescues/template_error.html.erb within rescues/layout (136.3ms)


Started GET "/posts" for ::1 at 2018-06-29 15:00:42 +0100
Processing by PostsController#index as HTML
  [1m[36mPost Load (0.2ms)[0m  [1mSELECT "posts".* FROM "posts"[0m
  Rendered posts/index.html.erb within layouts/application (4.1ms)
Completed 500 Internal Server Error in 12ms (ActiveRecord: 0.2ms)

ActionView::Template::Error (No route matches {:action=>"show", :controller=>"posts", :id=>nil} missing required keys: [:id]):
    1: <% @posts.each do |post| %>
    2:   <div> <a href='<%= post_path(@post) %>'> <%= post.title %> </a></div>
    3: <% end %>
  app/views/posts/index.html.erb:2:in `block in _app_views_posts_index_html_erb___3356660169808206311_70278449760760'
  app/views/posts/index.html.erb:1:in `_app_views_posts_index_html_erb___3356660169808206311_70278449760760'


  Rendered /Users/jigar/.rvm/gems/ruby-2.3.3/gems/actionpack-4.2.10/lib/action_dispatch/middleware/templates/rescues/_source.erb (8.5ms)
  Rendered /Users/jigar/.rvm/gems/ruby-2.3.3/gems/actionpack-4.2.10/lib/action_dispatch/middleware/templates/rescues/_trace.html.erb (3.4ms)
  Rendered /Users/jigar/.rvm/gems/ruby-2.3.3/gems/actionpack-4.2.10/lib/action_dispatch/middleware/templates/rescues/_request_and_response.html.erb (0.8ms)
  Rendered /Users/jigar/.rvm/gems/ruby-2.3.3/gems/actionpack-4.2.10/lib/action_dispatch/middleware/templates/rescues/template_error.html.erb within rescues/layout (153.9ms)


Started GET "/posts" for ::1 at 2018-06-29 15:00:43 +0100
Processing by PostsController#index as HTML
  [1m[35mPost Load (0.1ms)[0m  SELECT "posts".* FROM "posts"
  Rendered posts/index.html.erb within layouts/application (4.5ms)
Completed 500 Internal Server Error in 17ms (ActiveRecord: 0.1ms)

ActionView::Template::Error (No route matches {:action=>"show", :controller=>"posts", :id=>nil} missing required keys: [:id]):
    1: <% @posts.each do |post| %>
    2:   <div> <a href='<%= post_path(@post) %>'> <%= post.title %> </a></div>
    3: <% end %>
  app/views/posts/index.html.erb:2:in `block in _app_views_posts_index_html_erb___3356660169808206311_70278449760760'
  app/views/posts/index.html.erb:1:in `_app_views_posts_index_html_erb___3356660169808206311_70278449760760'


  Rendered /Users/jigar/.rvm/gems/ruby-2.3.3/gems/actionpack-4.2.10/lib/action_dispatch/middleware/templates/rescues/_source.erb (11.5ms)
  Rendered /Users/jigar/.rvm/gems/ruby-2.3.3/gems/actionpack-4.2.10/lib/action_dispatch/middleware/templates/rescues/_trace.html.erb (3.5ms)
  Rendered /Users/jigar/.rvm/gems/ruby-2.3.3/gems/actionpack-4.2.10/lib/action_dispatch/middleware/templates/rescues/_request_and_response.html.erb (1.1ms)
  Rendered /Users/jigar/.rvm/gems/ruby-2.3.3/gems/actionpack-4.2.10/lib/action_dispatch/middleware/templates/rescues/template_error.html.erb within rescues/layout (171.6ms)


Started GET "/posts" for ::1 at 2018-06-29 15:00:43 +0100
Processing by PostsController#index as HTML
  [1m[36mPost Load (0.2ms)[0m  [1mSELECT "posts".* FROM "posts"[0m
  Rendered posts/index.html.erb within layouts/application (6.2ms)
Completed 500 Internal Server Error in 18ms (ActiveRecord: 0.2ms)

ActionView::Template::Error (No route matches {:action=>"show", :controller=>"posts", :id=>nil} missing required keys: [:id]):
    1: <% @posts.each do |post| %>
    2:   <div> <a href='<%= post_path(@post) %>'> <%= post.title %> </a></div>
    3: <% end %>
  app/views/posts/index.html.erb:2:in `block in _app_views_posts_index_html_erb___3356660169808206311_70278449760760'
  app/views/posts/index.html.erb:1:in `_app_views_posts_index_html_erb___3356660169808206311_70278449760760'


  Rendered /Users/jigar/.rvm/gems/ruby-2.3.3/gems/actionpack-4.2.10/lib/action_dispatch/middleware/templates/rescues/_source.erb (13.5ms)
  Rendered /Users/jigar/.rvm/gems/ruby-2.3.3/gems/actionpack-4.2.10/lib/action_dispatch/middleware/templates/rescues/_trace.html.erb (2.4ms)
  Rendered /Users/jigar/.rvm/gems/ruby-2.3.3/gems/actionpack-4.2.10/lib/action_dispatch/middleware/templates/rescues/_request_and_response.html.erb (0.9ms)
  Rendered /Users/jigar/.rvm/gems/ruby-2.3.3/gems/actionpack-4.2.10/lib/action_dispatch/middleware/templates/rescues/template_error.html.erb within rescues/layout (161.0ms)


Started GET "/posts" for ::1 at 2018-06-29 15:00:44 +0100
Processing by PostsController#index as HTML
  [1m[35mPost Load (0.2ms)[0m  SELECT "posts".* FROM "posts"
  Rendered posts/index.html.erb within layouts/application (4.1ms)
Completed 500 Internal Server Error in 15ms (ActiveRecord: 0.2ms)

ActionView::Template::Error (No route matches {:action=>"show", :controller=>"posts", :id=>nil} missing required keys: [:id]):
    1: <% @posts.each do |post| %>
    2:   <div> <a href='<%= post_path(@post) %>'> <%= post.title %> </a></div>
    3: <% end %>
  app/views/posts/index.html.erb:2:in `block in _app_views_posts_index_html_erb___3356660169808206311_70278449760760'
  app/views/posts/index.html.erb:1:in `_app_views_posts_index_html_erb___3356660169808206311_70278449760760'


  Rendered /Users/jigar/.rvm/gems/ruby-2.3.3/gems/actionpack-4.2.10/lib/action_dispatch/middleware/templates/rescues/_source.erb (6.5ms)
  Rendered /Users/jigar/.rvm/gems/ruby-2.3.3/gems/actionpack-4.2.10/lib/action_dispatch/middleware/templates/rescues/_trace.html.erb (3.9ms)
  Rendered /Users/jigar/.rvm/gems/ruby-2.3.3/gems/actionpack-4.2.10/lib/action_dispatch/middleware/templates/rescues/_request_and_response.html.erb (1.3ms)
  Rendered /Users/jigar/.rvm/gems/ruby-2.3.3/gems/actionpack-4.2.10/lib/action_dispatch/middleware/templates/rescues/template_error.html.erb within rescues/layout (148.9ms)


Started GET "/posts" for ::1 at 2018-06-29 15:00:44 +0100
Processing by PostsController#index as HTML
  [1m[36mPost Load (0.2ms)[0m  [1mSELECT "posts".* FROM "posts"[0m
  Rendered posts/index.html.erb within layouts/application (6.0ms)
Completed 500 Internal Server Error in 17ms (ActiveRecord: 0.2ms)

ActionView::Template::Error (No route matches {:action=>"show", :controller=>"posts", :id=>nil} missing required keys: [:id]):
    1: <% @posts.each do |post| %>
    2:   <div> <a href='<%= post_path(@post) %>'> <%= post.title %> </a></div>
    3: <% end %>
  app/views/posts/index.html.erb:2:in `block in _app_views_posts_index_html_erb___3356660169808206311_70278449760760'
  app/views/posts/index.html.erb:1:in `_app_views_posts_index_html_erb___3356660169808206311_70278449760760'


  Rendered /Users/jigar/.rvm/gems/ruby-2.3.3/gems/actionpack-4.2.10/lib/action_dispatch/middleware/templates/rescues/_source.erb (6.5ms)
  Rendered /Users/jigar/.rvm/gems/ruby-2.3.3/gems/actionpack-4.2.10/lib/action_dispatch/middleware/templates/rescues/_trace.html.erb (3.7ms)
  Rendered /Users/jigar/.rvm/gems/ruby-2.3.3/gems/actionpack-4.2.10/lib/action_dispatch/middleware/templates/rescues/_request_and_response.html.erb (1.0ms)
  Rendered /Users/jigar/.rvm/gems/ruby-2.3.3/gems/actionpack-4.2.10/lib/action_dispatch/middleware/templates/rescues/template_error.html.erb within rescues/layout (169.2ms)


Started GET "/posts" for ::1 at 2018-06-29 15:00:44 +0100
Processing by PostsController#index as HTML
  [1m[35mPost Load (0.2ms)[0m  SELECT "posts".* FROM "posts"
  Rendered posts/index.html.erb within layouts/application (4.5ms)
Completed 500 Internal Server Error in 16ms (ActiveRecord: 0.2ms)

ActionView::Template::Error (No route matches {:action=>"show", :controller=>"posts", :id=>nil} missing required keys: [:id]):
    1: <% @posts.each do |post| %>
    2:   <div> <a href='<%= post_path(@post) %>'> <%= post.title %> </a></div>
    3: <% end %>
  app/views/posts/index.html.erb:2:in `block in _app_views_posts_index_html_erb___3356660169808206311_70278449760760'
  app/views/posts/index.html.erb:1:in `_app_views_posts_index_html_erb___3356660169808206311_70278449760760'


  Rendered /Users/jigar/.rvm/gems/ruby-2.3.3/gems/actionpack-4.2.10/lib/action_dispatch/middleware/templates/rescues/_source.erb (6.2ms)
  Rendered /Users/jigar/.rvm/gems/ruby-2.3.3/gems/actionpack-4.2.10/lib/action_dispatch/middleware/templates/rescues/_trace.html.erb (3.8ms)
  Rendered /Users/jigar/.rvm/gems/ruby-2.3.3/gems/actionpack-4.2.10/lib/action_dispatch/middleware/templates/rescues/_request_and_response.html.erb (1.0ms)
  Rendered /Users/jigar/.rvm/gems/ruby-2.3.3/gems/actionpack-4.2.10/lib/action_dispatch/middleware/templates/rescues/template_error.html.erb within rescues/layout (117.1ms)


Started GET "/posts" for ::1 at 2018-06-29 15:00:45 +0100
Processing by PostsController#index as HTML
  [1m[36mPost Load (0.2ms)[0m  [1mSELECT "posts".* FROM "posts"[0m
  Rendered posts/index.html.erb within layouts/application (5.1ms)
Completed 500 Internal Server Error in 14ms (ActiveRecord: 0.2ms)

ActionView::Template::Error (No route matches {:action=>"show", :controller=>"posts", :id=>nil} missing required keys: [:id]):
    1: <% @posts.each do |post| %>
    2:   <div> <a href='<%= post_path(@post) %>'> <%= post.title %> </a></div>
    3: <% end %>
  app/views/posts/index.html.erb:2:in `block in _app_views_posts_index_html_erb___3356660169808206311_70278449760760'
  app/views/posts/index.html.erb:1:in `_app_views_posts_index_html_erb___3356660169808206311_70278449760760'


  Rendered /Users/jigar/.rvm/gems/ruby-2.3.3/gems/actionpack-4.2.10/lib/action_dispatch/middleware/templates/rescues/_source.erb (6.0ms)
  Rendered /Users/jigar/.rvm/gems/ruby-2.3.3/gems/actionpack-4.2.10/lib/action_dispatch/middleware/templates/rescues/_trace.html.erb (2.3ms)
  Rendered /Users/jigar/.rvm/gems/ruby-2.3.3/gems/actionpack-4.2.10/lib/action_dispatch/middleware/templates/rescues/_request_and_response.html.erb (0.8ms)
  Rendered /Users/jigar/.rvm/gems/ruby-2.3.3/gems/actionpack-4.2.10/lib/action_dispatch/middleware/templates/rescues/template_error.html.erb within rescues/layout (140.0ms)


Started GET "/posts" for ::1 at 2018-06-29 15:00:45 +0100
Processing by PostsController#index as HTML
  [1m[35mPost Load (0.2ms)[0m  SELECT "posts".* FROM "posts"
  Rendered posts/index.html.erb within layouts/application (4.3ms)
Completed 500 Internal Server Error in 15ms (ActiveRecord: 0.2ms)

ActionView::Template::Error (No route matches {:action=>"show", :controller=>"posts", :id=>nil} missing required keys: [:id]):
    1: <% @posts.each do |post| %>
    2:   <div> <a href='<%= post_path(@post) %>'> <%= post.title %> </a></div>
    3: <% end %>
  app/views/posts/index.html.erb:2:in `block in _app_views_posts_index_html_erb___3356660169808206311_70278449760760'
  app/views/posts/index.html.erb:1:in `_app_views_posts_index_html_erb___3356660169808206311_70278449760760'


  Rendered /Users/jigar/.rvm/gems/ruby-2.3.3/gems/actionpack-4.2.10/lib/action_dispatch/middleware/templates/rescues/_source.erb (7.9ms)
  Rendered /Users/jigar/.rvm/gems/ruby-2.3.3/gems/actionpack-4.2.10/lib/action_dispatch/middleware/templates/rescues/_trace.html.erb (19.9ms)
  Rendered /Users/jigar/.rvm/gems/ruby-2.3.3/gems/actionpack-4.2.10/lib/action_dispatch/middleware/templates/rescues/_request_and_response.html.erb (0.9ms)
  Rendered /Users/jigar/.rvm/gems/ruby-2.3.3/gems/actionpack-4.2.10/lib/action_dispatch/middleware/templates/rescues/template_error.html.erb within rescues/layout (150.2ms)


Started GET "/posts" for ::1 at 2018-06-29 15:00:45 +0100
Processing by PostsController#index as HTML
  [1m[36mPost Load (0.2ms)[0m  [1mSELECT "posts".* FROM "posts"[0m
  Rendered posts/index.html.erb within layouts/application (4.3ms)
Completed 500 Internal Server Error in 14ms (ActiveRecord: 0.2ms)

ActionView::Template::Error (No route matches {:action=>"show", :controller=>"posts", :id=>nil} missing required keys: [:id]):
    1: <% @posts.each do |post| %>
    2:   <div> <a href='<%= post_path(@post) %>'> <%= post.title %> </a></div>
    3: <% end %>
  app/views/posts/index.html.erb:2:in `block in _app_views_posts_index_html_erb___3356660169808206311_70278449760760'
  app/views/posts/index.html.erb:1:in `_app_views_posts_index_html_erb___3356660169808206311_70278449760760'


  Rendered /Users/jigar/.rvm/gems/ruby-2.3.3/gems/actionpack-4.2.10/lib/action_dispatch/middleware/templates/rescues/_source.erb (7.2ms)
  Rendered /Users/jigar/.rvm/gems/ruby-2.3.3/gems/actionpack-4.2.10/lib/action_dispatch/middleware/templates/rescues/_trace.html.erb (2.5ms)
  Rendered /Users/jigar/.rvm/gems/ruby-2.3.3/gems/actionpack-4.2.10/lib/action_dispatch/middleware/templates/rescues/_request_and_response.html.erb (1.3ms)
  Rendered /Users/jigar/.rvm/gems/ruby-2.3.3/gems/actionpack-4.2.10/lib/action_dispatch/middleware/templates/rescues/template_error.html.erb within rescues/layout (106.6ms)


Started GET "/posts" for ::1 at 2018-06-29 15:00:46 +0100
Processing by PostsController#index as HTML
  [1m[35mPost Load (0.2ms)[0m  SELECT "posts".* FROM "posts"
  Rendered posts/index.html.erb within layouts/application (4.5ms)
Completed 500 Internal Server Error in 17ms (ActiveRecord: 0.2ms)

ActionView::Template::Error (No route matches {:action=>"show", :controller=>"posts", :id=>nil} missing required keys: [:id]):
    1: <% @posts.each do |post| %>
    2:   <div> <a href='<%= post_path(@post) %>'> <%= post.title %> </a></div>
    3: <% end %>
  app/views/posts/index.html.erb:2:in `block in _app_views_posts_index_html_erb___3356660169808206311_70278449760760'
  app/views/posts/index.html.erb:1:in `_app_views_posts_index_html_erb___3356660169808206311_70278449760760'


  Rendered /Users/jigar/.rvm/gems/ruby-2.3.3/gems/actionpack-4.2.10/lib/action_dispatch/middleware/templates/rescues/_source.erb (9.2ms)
  Rendered /Users/jigar/.rvm/gems/ruby-2.3.3/gems/actionpack-4.2.10/lib/action_dispatch/middleware/templates/rescues/_trace.html.erb (4.0ms)
  Rendered /Users/jigar/.rvm/gems/ruby-2.3.3/gems/actionpack-4.2.10/lib/action_dispatch/middleware/templates/rescues/_request_and_response.html.erb (0.8ms)
  Rendered /Users/jigar/.rvm/gems/ruby-2.3.3/gems/actionpack-4.2.10/lib/action_dispatch/middleware/templates/rescues/template_error.html.erb within rescues/layout (154.4ms)


Started GET "/posts" for ::1 at 2018-06-29 15:00:46 +0100
Processing by PostsController#index as HTML
  [1m[36mPost Load (0.2ms)[0m  [1mSELECT "posts".* FROM "posts"[0m
  Rendered posts/index.html.erb within layouts/application (4.6ms)
Completed 500 Internal Server Error in 16ms (ActiveRecord: 0.2ms)

ActionView::Template::Error (No route matches {:action=>"show", :controller=>"posts", :id=>nil} missing required keys: [:id]):
    1: <% @posts.each do |post| %>
    2:   <div> <a href='<%= post_path(@post) %>'> <%= post.title %> </a></div>
    3: <% end %>
  app/views/posts/index.html.erb:2:in `block in _app_views_posts_index_html_erb___3356660169808206311_70278449760760'
  app/views/posts/index.html.erb:1:in `_app_views_posts_index_html_erb___3356660169808206311_70278449760760'


  Rendered /Users/jigar/.rvm/gems/ruby-2.3.3/gems/actionpack-4.2.10/lib/action_dispatch/middleware/templates/rescues/_source.erb (5.0ms)
  Rendered /Users/jigar/.rvm/gems/ruby-2.3.3/gems/actionpack-4.2.10/lib/action_dispatch/middleware/templates/rescues/_trace.html.erb (3.1ms)
  Rendered /Users/jigar/.rvm/gems/ruby-2.3.3/gems/actionpack-4.2.10/lib/action_dispatch/middleware/templates/rescues/_request_and_response.html.erb (0.8ms)
  Rendered /Users/jigar/.rvm/gems/ruby-2.3.3/gems/actionpack-4.2.10/lib/action_dispatch/middleware/templates/rescues/template_error.html.erb within rescues/layout (117.7ms)


Started GET "/posts" for ::1 at 2018-06-29 15:00:46 +0100
Processing by PostsController#index as HTML
  [1m[35mPost Load (0.1ms)[0m  SELECT "posts".* FROM "posts"
  Rendered posts/index.html.erb within layouts/application (2.6ms)
Completed 500 Internal Server Error in 11ms (ActiveRecord: 0.1ms)

ActionView::Template::Error (No route matches {:action=>"show", :controller=>"posts", :id=>nil} missing required keys: [:id]):
    1: <% @posts.each do |post| %>
    2:   <div> <a href='<%= post_path(@post) %>'> <%= post.title %> </a></div>
    3: <% end %>
  app/views/posts/index.html.erb:2:in `block in _app_views_posts_index_html_erb___3356660169808206311_70278449760760'
  app/views/posts/index.html.erb:1:in `_app_views_posts_index_html_erb___3356660169808206311_70278449760760'


  Rendered /Users/jigar/.rvm/gems/ruby-2.3.3/gems/actionpack-4.2.10/lib/action_dispatch/middleware/templates/rescues/_source.erb (6.0ms)
  Rendered /Users/jigar/.rvm/gems/ruby-2.3.3/gems/actionpack-4.2.10/lib/action_dispatch/middleware/templates/rescues/_trace.html.erb (3.3ms)
  Rendered /Users/jigar/.rvm/gems/ruby-2.3.3/gems/actionpack-4.2.10/lib/action_dispatch/middleware/templates/rescues/_request_and_response.html.erb (1.0ms)
  Rendered /Users/jigar/.rvm/gems/ruby-2.3.3/gems/actionpack-4.2.10/lib/action_dispatch/middleware/templates/rescues/template_error.html.erb within rescues/layout (99.2ms)


Started GET "/posts" for ::1 at 2018-06-29 15:00:47 +0100
Processing by PostsController#index as HTML
  [1m[36mPost Load (0.2ms)[0m  [1mSELECT "posts".* FROM "posts"[0m
  Rendered posts/index.html.erb within layouts/application (3.7ms)
Completed 500 Internal Server Error in 13ms (ActiveRecord: 0.2ms)

ActionView::Template::Error (No route matches {:action=>"show", :controller=>"posts", :id=>nil} missing required keys: [:id]):
    1: <% @posts.each do |post| %>
    2:   <div> <a href='<%= post_path(@post) %>'> <%= post.title %> </a></div>
    3: <% end %>
  app/views/posts/index.html.erb:2:in `block in _app_views_posts_index_html_erb___3356660169808206311_70278449760760'
  app/views/posts/index.html.erb:1:in `_app_views_posts_index_html_erb___3356660169808206311_70278449760760'


  Rendered /Users/jigar/.rvm/gems/ruby-2.3.3/gems/actionpack-4.2.10/lib/action_dispatch/middleware/templates/rescues/_source.erb (6.2ms)
  Rendered /Users/jigar/.rvm/gems/ruby-2.3.3/gems/actionpack-4.2.10/lib/action_dispatch/middleware/templates/rescues/_trace.html.erb (2.8ms)
  Rendered /Users/jigar/.rvm/gems/ruby-2.3.3/gems/actionpack-4.2.10/lib/action_dispatch/middleware/templates/rescues/_request_and_response.html.erb (1.4ms)
  Rendered /Users/jigar/.rvm/gems/ruby-2.3.3/gems/actionpack-4.2.10/lib/action_dispatch/middleware/templates/rescues/template_error.html.erb within rescues/layout (95.5ms)


Started GET "/posts" for ::1 at 2018-06-29 15:00:47 +0100
Processing by PostsController#index as HTML
  [1m[35mPost Load (0.3ms)[0m  SELECT "posts".* FROM "posts"
  Rendered posts/index.html.erb within layouts/application (2.9ms)
Completed 500 Internal Server Error in 12ms (ActiveRecord: 0.3ms)

ActionView::Template::Error (No route matches {:action=>"show", :controller=>"posts", :id=>nil} missing required keys: [:id]):
    1: <% @posts.each do |post| %>
    2:   <div> <a href='<%= post_path(@post) %>'> <%= post.title %> </a></div>
    3: <% end %>
  app/views/posts/index.html.erb:2:in `block in _app_views_posts_index_html_erb___3356660169808206311_70278449760760'
  app/views/posts/index.html.erb:1:in `_app_views_posts_index_html_erb___3356660169808206311_70278449760760'


  Rendered /Users/jigar/.rvm/gems/ruby-2.3.3/gems/actionpack-4.2.10/lib/action_dispatch/middleware/templates/rescues/_source.erb (5.1ms)
  Rendered /Users/jigar/.rvm/gems/ruby-2.3.3/gems/actionpack-4.2.10/lib/action_dispatch/middleware/templates/rescues/_trace.html.erb (2.5ms)
  Rendered /Users/jigar/.rvm/gems/ruby-2.3.3/gems/actionpack-4.2.10/lib/action_dispatch/middleware/templates/rescues/_request_and_response.html.erb (0.9ms)
  Rendered /Users/jigar/.rvm/gems/ruby-2.3.3/gems/actionpack-4.2.10/lib/action_dispatch/middleware/templates/rescues/template_error.html.erb within rescues/layout (95.0ms)


Started GET "/posts" for ::1 at 2018-06-29 15:00:47 +0100
Processing by PostsController#index as HTML
  [1m[36mPost Load (0.2ms)[0m  [1mSELECT "posts".* FROM "posts"[0m
  Rendered posts/index.html.erb within layouts/application (3.3ms)
Completed 500 Internal Server Error in 12ms (ActiveRecord: 0.2ms)

ActionView::Template::Error (No route matches {:action=>"show", :controller=>"posts", :id=>nil} missing required keys: [:id]):
    1: <% @posts.each do |post| %>
    2:   <div> <a href='<%= post_path(@post) %>'> <%= post.title %> </a></div>
    3: <% end %>
  app/views/posts/index.html.erb:2:in `block in _app_views_posts_index_html_erb___3356660169808206311_70278449760760'
  app/views/posts/index.html.erb:1:in `_app_views_posts_index_html_erb___3356660169808206311_70278449760760'


  Rendered /Users/jigar/.rvm/gems/ruby-2.3.3/gems/actionpack-4.2.10/lib/action_dispatch/middleware/templates/rescues/_source.erb (5.2ms)
  Rendered /Users/jigar/.rvm/gems/ruby-2.3.3/gems/actionpack-4.2.10/lib/action_dispatch/middleware/templates/rescues/_trace.html.erb (2.5ms)
  Rendered /Users/jigar/.rvm/gems/ruby-2.3.3/gems/actionpack-4.2.10/lib/action_dispatch/middleware/templates/rescues/_request_and_response.html.erb (1.1ms)
  Rendered /Users/jigar/.rvm/gems/ruby-2.3.3/gems/actionpack-4.2.10/lib/action_dispatch/middleware/templates/rescues/template_error.html.erb within rescues/layout (94.0ms)


Started GET "/posts" for ::1 at 2018-06-29 15:00:47 +0100
Processing by PostsController#index as HTML
  [1m[35mPost Load (0.2ms)[0m  SELECT "posts".* FROM "posts"
  Rendered posts/index.html.erb within layouts/application (3.2ms)
Completed 500 Internal Server Error in 12ms (ActiveRecord: 0.2ms)

ActionView::Template::Error (No route matches {:action=>"show", :controller=>"posts", :id=>nil} missing required keys: [:id]):
    1: <% @posts.each do |post| %>
    2:   <div> <a href='<%= post_path(@post) %>'> <%= post.title %> </a></div>
    3: <% end %>
  app/views/posts/index.html.erb:2:in `block in _app_views_posts_index_html_erb___3356660169808206311_70278449760760'
  app/views/posts/index.html.erb:1:in `_app_views_posts_index_html_erb___3356660169808206311_70278449760760'


  Rendered /Users/jigar/.rvm/gems/ruby-2.3.3/gems/actionpack-4.2.10/lib/action_dispatch/middleware/templates/rescues/_source.erb (6.6ms)
  Rendered /Users/jigar/.rvm/gems/ruby-2.3.3/gems/actionpack-4.2.10/lib/action_dispatch/middleware/templates/rescues/_trace.html.erb (2.9ms)
  Rendered /Users/jigar/.rvm/gems/ruby-2.3.3/gems/actionpack-4.2.10/lib/action_dispatch/middleware/templates/rescues/_request_and_response.html.erb (0.8ms)
  Rendered /Users/jigar/.rvm/gems/ruby-2.3.3/gems/actionpack-4.2.10/lib/action_dispatch/middleware/templates/rescues/template_error.html.erb within rescues/layout (90.3ms)


Started GET "/posts" for ::1 at 2018-06-29 15:00:48 +0100
Processing by PostsController#index as HTML
  [1m[36mPost Load (0.2ms)[0m  [1mSELECT "posts".* FROM "posts"[0m
  Rendered posts/index.html.erb within layouts/application (3.6ms)
Completed 500 Internal Server Error in 13ms (ActiveRecord: 0.2ms)

ActionView::Template::Error (No route matches {:action=>"show", :controller=>"posts", :id=>nil} missing required keys: [:id]):
    1: <% @posts.each do |post| %>
    2:   <div> <a href='<%= post_path(@post) %>'> <%= post.title %> </a></div>
    3: <% end %>
  app/views/posts/index.html.erb:2:in `block in _app_views_posts_index_html_erb___3356660169808206311_70278449760760'
  app/views/posts/index.html.erb:1:in `_app_views_posts_index_html_erb___3356660169808206311_70278449760760'


  Rendered /Users/jigar/.rvm/gems/ruby-2.3.3/gems/actionpack-4.2.10/lib/action_dispatch/middleware/templates/rescues/_source.erb (6.3ms)
  Rendered /Users/jigar/.rvm/gems/ruby-2.3.3/gems/actionpack-4.2.10/lib/action_dispatch/middleware/templates/rescues/_trace.html.erb (3.2ms)
  Rendered /Users/jigar/.rvm/gems/ruby-2.3.3/gems/actionpack-4.2.10/lib/action_dispatch/middleware/templates/rescues/_request_and_response.html.erb (0.8ms)
  Rendered /Users/jigar/.rvm/gems/ruby-2.3.3/gems/actionpack-4.2.10/lib/action_dispatch/middleware/templates/rescues/template_error.html.erb within rescues/layout (92.2ms)


Started GET "/posts" for ::1 at 2018-06-29 15:00:48 +0100
Processing by PostsController#index as HTML
  [1m[35mPost Load (0.2ms)[0m  SELECT "posts".* FROM "posts"
  Rendered posts/index.html.erb within layouts/application (2.9ms)
Completed 500 Internal Server Error in 12ms (ActiveRecord: 0.2ms)

ActionView::Template::Error (No route matches {:action=>"show", :controller=>"posts", :id=>nil} missing required keys: [:id]):
    1: <% @posts.each do |post| %>
    2:   <div> <a href='<%= post_path(@post) %>'> <%= post.title %> </a></div>
    3: <% end %>
  app/views/posts/index.html.erb:2:in `block in _app_views_posts_index_html_erb___3356660169808206311_70278449760760'
  app/views/posts/index.html.erb:1:in `_app_views_posts_index_html_erb___3356660169808206311_70278449760760'


  Rendered /Users/jigar/.rvm/gems/ruby-2.3.3/gems/actionpack-4.2.10/lib/action_dispatch/middleware/templates/rescues/_source.erb (4.5ms)
  Rendered /Users/jigar/.rvm/gems/ruby-2.3.3/gems/actionpack-4.2.10/lib/action_dispatch/middleware/templates/rescues/_trace.html.erb (2.2ms)
  Rendered /Users/jigar/.rvm/gems/ruby-2.3.3/gems/actionpack-4.2.10/lib/action_dispatch/middleware/templates/rescues/_request_and_response.html.erb (0.7ms)
  Rendered /Users/jigar/.rvm/gems/ruby-2.3.3/gems/actionpack-4.2.10/lib/action_dispatch/middleware/templates/rescues/template_error.html.erb within rescues/layout (90.6ms)


Started GET "/posts" for ::1 at 2018-06-29 15:00:48 +0100
Processing by PostsController#index as HTML
  [1m[36mPost Load (0.2ms)[0m  [1mSELECT "posts".* FROM "posts"[0m
  Rendered posts/index.html.erb within layouts/application (4.0ms)
Completed 500 Internal Server Error in 14ms (ActiveRecord: 0.2ms)

ActionView::Template::Error (No route matches {:action=>"show", :controller=>"posts", :id=>nil} missing required keys: [:id]):
    1: <% @posts.each do |post| %>
    2:   <div> <a href='<%= post_path(@post) %>'> <%= post.title %> </a></div>
    3: <% end %>
  app/views/posts/index.html.erb:2:in `block in _app_views_posts_index_html_erb___3356660169808206311_70278449760760'
  app/views/posts/index.html.erb:1:in `_app_views_posts_index_html_erb___3356660169808206311_70278449760760'


  Rendered /Users/jigar/.rvm/gems/ruby-2.3.3/gems/actionpack-4.2.10/lib/action_dispatch/middleware/templates/rescues/_source.erb (4.9ms)
  Rendered /Users/jigar/.rvm/gems/ruby-2.3.3/gems/actionpack-4.2.10/lib/action_dispatch/middleware/templates/rescues/_trace.html.erb (2.2ms)
  Rendered /Users/jigar/.rvm/gems/ruby-2.3.3/gems/actionpack-4.2.10/lib/action_dispatch/middleware/templates/rescues/_request_and_response.html.erb (0.8ms)
  Rendered /Users/jigar/.rvm/gems/ruby-2.3.3/gems/actionpack-4.2.10/lib/action_dispatch/middleware/templates/rescues/template_error.html.erb within rescues/layout (93.5ms)


Started GET "/posts" for ::1 at 2018-06-29 15:00:48 +0100
Processing by PostsController#index as HTML
  [1m[35mPost Load (0.2ms)[0m  SELECT "posts".* FROM "posts"
  Rendered posts/index.html.erb within layouts/application (3.7ms)
Completed 500 Internal Server Error in 15ms (ActiveRecord: 0.2ms)

ActionView::Template::Error (No route matches {:action=>"show", :controller=>"posts", :id=>nil} missing required keys: [:id]):
    1: <% @posts.each do |post| %>
    2:   <div> <a href='<%= post_path(@post) %>'> <%= post.title %> </a></div>
    3: <% end %>
  app/views/posts/index.html.erb:2:in `block in _app_views_posts_index_html_erb___3356660169808206311_70278449760760'
  app/views/posts/index.html.erb:1:in `_app_views_posts_index_html_erb___3356660169808206311_70278449760760'


  Rendered /Users/jigar/.rvm/gems/ruby-2.3.3/gems/actionpack-4.2.10/lib/action_dispatch/middleware/templates/rescues/_source.erb (4.6ms)
  Rendered /Users/jigar/.rvm/gems/ruby-2.3.3/gems/actionpack-4.2.10/lib/action_dispatch/middleware/templates/rescues/_trace.html.erb (2.2ms)
  Rendered /Users/jigar/.rvm/gems/ruby-2.3.3/gems/actionpack-4.2.10/lib/action_dispatch/middleware/templates/rescues/_request_and_response.html.erb (0.8ms)
  Rendered /Users/jigar/.rvm/gems/ruby-2.3.3/gems/actionpack-4.2.10/lib/action_dispatch/middleware/templates/rescues/template_error.html.erb within rescues/layout (99.4ms)


Started GET "/posts" for ::1 at 2018-06-29 15:02:12 +0100
Processing by PostsController#index as HTML
  [1m[36mPost Load (0.2ms)[0m  [1mSELECT "posts".* FROM "posts"[0m
  Rendered posts/index.html.erb within layouts/application (2.0ms)
Completed 200 OK in 404ms (Views: 403.0ms | ActiveRecord: 0.2ms)


Started GET "/%3Ca%20href=%22/posts/1%22%3ETITLE%20WORLD%3C/a%3E%3C/a%3E%3C/div%3E%20%20%3Cdiv%3E%20%3Ca%20href=" for ::1 at 2018-06-29 15:02:16 +0100

ActionController::RoutingError (No route matches [GET] "/%3Ca%20href=%22/posts/1%22%3ETITLE%20WORLD%3C/a%3E%3C/a%3E%3C/div%3E%20%20%3Cdiv%3E%20%3Ca%20href="):
  actionpack (4.2.10) lib/action_dispatch/middleware/debug_exceptions.rb:21:in `call'
  actionpack (4.2.10) lib/action_dispatch/middleware/show_exceptions.rb:30:in `call'
  railties (4.2.10) lib/rails/rack/logger.rb:38:in `call_app'
  railties (4.2.10) lib/rails/rack/logger.rb:20:in `block in call'
  activesupport (4.2.10) lib/active_support/tagged_logging.rb:68:in `block in tagged'
  activesupport (4.2.10) lib/active_support/tagged_logging.rb:26:in `tagged'
  activesupport (4.2.10) lib/active_support/tagged_logging.rb:68:in `tagged'
  railties (4.2.10) lib/rails/rack/logger.rb:20:in `call'
  actionpack (4.2.10) lib/action_dispatch/middleware/request_id.rb:21:in `call'
  rack (1.6.10) lib/rack/methodoverride.rb:22:in `call'
  rack (1.6.10) lib/rack/runtime.rb:18:in `call'
  activesupport (4.2.10) lib/active_support/cache/strategy/local_cache_middleware.rb:28:in `call'
  rack (1.6.10) lib/rack/lock.rb:17:in `call'
  actionpack (4.2.10) lib/action_dispatch/middleware/static.rb:120:in `call'
  rack (1.6.10) lib/rack/sendfile.rb:113:in `call'
  railties (4.2.10) lib/rails/engine.rb:518:in `call'
  railties (4.2.10) lib/rails/application.rb:165:in `call'
  rack (1.6.10) lib/rack/lock.rb:17:in `call'
  rack (1.6.10) lib/rack/content_length.rb:15:in `call'
  rack (1.6.10) lib/rack/handler/webrick.rb:88:in `service'
  /Users/jigar/.rvm/rubies/ruby-2.3.3/lib/ruby/2.3.0/webrick/httpserver.rb:140:in `service'
  /Users/jigar/.rvm/rubies/ruby-2.3.3/lib/ruby/2.3.0/webrick/httpserver.rb:96:in `run'
  /Users/jigar/.rvm/rubies/ruby-2.3.3/lib/ruby/2.3.0/webrick/server.rb:296:in `block in start_thread'


  Rendered /Users/jigar/.rvm/gems/ruby-2.3.3/gems/actionpack-4.2.10/lib/action_dispatch/middleware/templates/rescues/_trace.html.erb (1.3ms)
  Rendered /Users/jigar/.rvm/gems/ruby-2.3.3/gems/actionpack-4.2.10/lib/action_dispatch/middleware/templates/routes/_route.html.erb (0.8ms)
  Rendered /Users/jigar/.rvm/gems/ruby-2.3.3/gems/actionpack-4.2.10/lib/action_dispatch/middleware/templates/routes/_table.html.erb (9.9ms)
  Rendered /Users/jigar/.rvm/gems/ruby-2.3.3/gems/actionpack-4.2.10/lib/action_dispatch/middleware/templates/rescues/_request_and_response.html.erb (1.4ms)
  Rendered /Users/jigar/.rvm/gems/ruby-2.3.3/gems/actionpack-4.2.10/lib/action_dispatch/middleware/templates/rescues/routing_error.html.erb within rescues/layout (180.9ms)


Started GET "/posts" for ::1 at 2018-06-29 15:03:06 +0100
Processing by PostsController#index as HTML
  [1m[35mPost Load (0.2ms)[0m  SELECT "posts".* FROM "posts"
  Rendered posts/index.html.erb within layouts/application (2.7ms)
Completed 200 OK in 38ms (Views: 36.7ms | ActiveRecord: 0.2ms)


Started GET "/posts" for ::1 at 2018-06-29 15:03:09 +0100
Processing by PostsController#index as HTML
  [1m[36mPost Load (0.2ms)[0m  [1mSELECT "posts".* FROM "posts"[0m
  Rendered posts/index.html.erb within layouts/application (1.9ms)
Completed 200 OK in 21ms (Views: 20.5ms | ActiveRecord: 0.2ms)


Started GET "/posts" for ::1 at 2018-06-29 15:03:29 +0100
Processing by PostsController#index as HTML
  [1m[35mPost Load (0.2ms)[0m  SELECT "posts".* FROM "posts"
  Rendered posts/index.html.erb within layouts/application (2.5ms)
Completed 200 OK in 31ms (Views: 30.0ms | ActiveRecord: 0.2ms)


Started GET "/posts/2" for ::1 at 2018-06-29 15:03:33 +0100
Processing by PostsController#show as HTML
  Parameters: {"id"=>"2"}
  [1m[36mPost Load (0.2ms)[0m  [1mSELECT  "posts".* FROM "posts" WHERE "posts"."id" = ? LIMIT 1[0m  [["id", 2]]
  Rendered posts/show.html.erb within layouts/application (0.6ms)
Completed 200 OK in 63ms (Views: 30.6ms | ActiveRecord: 0.2ms)


Started GET "/posts/3" for ::1 at 2018-06-29 15:03:35 +0100
Processing by PostsController#show as HTML
  Parameters: {"id"=>"3"}
  [1m[35mPost Load (0.2ms)[0m  SELECT  "posts".* FROM "posts" WHERE "posts"."id" = ? LIMIT 1  [["id", 3]]
  Rendered posts/show.html.erb within layouts/application (0.2ms)
Completed 200 OK in 35ms (Views: 33.1ms | ActiveRecord: 0.2ms)
